        -:    0:Source:lab_01_06_01.c
        -:    0:Graph:lab_01_06_01.gcno
        -:    0:Data:lab_01_06_01.gcda
        -:    0:Runs:1
        -:    1:#include<stdio.h>
        -:    2:#include<math.h>
        -:    3:#include<stdlib.h>
        -:    4:
        1:    5:int main(void)
        -:    6:{
        -:    7:    double xa, xb, xc, ya, yb, yc;
        -:    8:    double s;
        1:    9:    int rc = scanf("%lf%lf%lf%lf%lf%lf", &xa, &ya, &xb, &yb, &xc, &yc);
       1*:   10:    if (rc == 6 && (xa != xb || ya != yb) && (xa != xc || ya != yc) && (xb != xc || yb != yc))
        1:   11:        if ((xa - xb) * (ya - yc) != (ya - yb) * (xa - xc))
        -:   12:        {
        1:   13:            s = fabs((xb - xa) * (yc - ya) - (xc - xa) * (yb - ya)) / 2.0;
        1:   14:            printf("%lf", s);
        -:   15:        }
        -:   16:        else
        -:   17:        {
    #####:   18:            printf("Input error");
    #####:   19:            return -1;
        -:   20:        }
        -:   21:    else
        -:   22:    {
    #####:   23:        printf("Input error");
    #####:   24:        return -1;
        -:   25:    }
        1:   26:    return EXIT_SUCCESS;
        -:   27:}
